# JRE version: OpenJDK Runtime Environment (8.0_242-b01) (build 1.8.0_242-release-1644-b01)
# Java VM: OpenJDK 64-Bit Server VM (25.242-b01 mixed mode windows-amd64 compressed oops)
Heap:
 PSYoungGen      total 185344K, used 137752K [0x00000000d5580000, 0x00000000e4480000, 0x0000000100000000)
  eden space 173056K, 72% used [0x00000000d5580000,0x00000000dd009210,0x00000000dfe80000)
  from space 12288K, 99% used [0x00000000dfe80000,0x00000000e0a7cef0,0x00000000e0a80000)
  to   space 15360K, 0% used [0x00000000e3580000,0x00000000e3580000,0x00000000e4480000)
 ParOldGen       total 55296K, used 17177K [0x0000000080000000, 0x0000000083600000, 0x00000000d5580000)
  object space 55296K, 31% used [0x0000000080000000,0x00000000810c67e0,0x0000000083600000)
 Metaspace       used 54968K, capacity 56980K, committed 57136K, reserved 1099776K
  class space    used 7239K, capacity 7701K, committed 7728K, reserved 1048576K
GC Heap History (10 events):
Event: 6.877 GC heap before
{Heap before GC invocations=9 (full 1):
 PSYoungGen      total 136704K, used 4702K [0x00000000d5580000, 0x00000000de480000, 0x0000000100000000)
  eden space 128000K, 0% used [0x00000000d5580000,0x00000000d5580000,0x00000000dd280000)
  from space 8704K, 54% used [0x00000000ddc00000,0x00000000de0979f0,0x00000000de480000)
  to   space 9216K, 0% used [0x00000000dd280000,0x00000000dd280000,0x00000000ddb80000)
 ParOldGen       total 44032K, used 8829K [0x0000000080000000, 0x0000000082b00000, 0x00000000d5580000)
  object space 44032K, 20% used [0x0000000080000000,0x000000008089f540,0x0000000082b00000)
 Metaspace       used 20560K, capacity 21214K, committed 21296K, reserved 1067008K
  class space    used 2885K, capacity 3093K, committed 3120K, reserved 1048576K
Event: 6.963 GC heap after
Heap after GC invocations=9 (full 1):
 PSYoungGen      total 136704K, used 0K [0x00000000d5580000, 0x00000000de480000, 0x0000000100000000)
  eden space 128000K, 0% used [0x00000000d5580000,0x00000000d5580000,0x00000000dd280000)
  from space 8704K, 0% used [0x00000000ddc00000,0x00000000ddc00000,0x00000000de480000)
  to   space 9216K, 0% used [0x00000000dd280000,0x00000000dd280000,0x00000000ddb80000)
 ParOldGen       total 35840K, used 9300K [0x0000000080000000, 0x0000000082300000, 0x00000000d5580000)
  object space 35840K, 25% used [0x0000000080000000,0x0000000080915298,0x0000000082300000)
 Metaspace       used 20560K, capacity 21214K, committed 21296K, reserved 1067008K
  class space    used 2885K, capacity 3093K, committed 3120K, reserved 1048576K
}
Event: 9.545 GC heap before
{Heap before GC invocations=10 (full 1):
 PSYoungGen      total 136704K, used 128000K [0x00000000d5580000, 0x00000000de480000, 0x0000000100000000)
  eden space 128000K, 100% used [0x00000000d5580000,0x00000000dd280000,0x00000000dd280000)
  from space 8704K, 0% used [0x00000000ddc00000,0x00000000ddc00000,0x00000000de480000)
  to   space 9216K, 0% used [0x00000000dd280000,0x00000000dd280000,0x00000000ddb80000)
 ParOldGen       total 35840K, used 9300K [0x0000000080000000, 0x0000000082300000, 0x00000000d5580000)
  object space 35840K, 25% used [0x0000000080000000,0x0000000080915298,0x0000000082300000)
 Metaspace       used 32667K, capacity 33564K, committed 33712K, reserved 1079296K
  class space    used 4421K, capacity 4671K, committed 4784K, reserved 1048576K
Event: 9.570 GC heap after
Heap after GC invocations=10 (full 1):
 PSYoungGen      total 137216K, used 9207K [0x00000000d5580000, 0x00000000e1680000, 0x0000000100000000)
  eden space 128000K, 0% used [0x00000000d5580000,0x00000000d5580000,0x00000000dd280000)
  from space 9216K, 99% used [0x00000000dd280000,0x00000000ddb7ddb8,0x00000000ddb80000)
  to   space 12288K, 0% used [0x00000000e0a80000,0x00000000e0a80000,0x00000000e1680000)
 ParOldGen       total 35840K, used 13121K [0x0000000080000000, 0x0000000082300000, 0x00000000d5580000)
  object space 35840K, 36% used [0x0000000080000000,0x0000000080cd0490,0x0000000082300000)
 Metaspace       used 32667K, capacity 33564K, committed 33712K, reserved 1079296K
  class space    used 4421K, capacity 4671K, committed 4784K, reserved 1048576K
}
Event: 10.309 GC heap before
{Heap before GC invocations=11 (full 1):
 PSYoungGen      total 137216K, used 24533K [0x00000000d5580000, 0x00000000e1680000, 0x0000000100000000)
  eden space 128000K, 11% used [0x00000000d5580000,0x00000000d6477888,0x00000000dd280000)
  from space 9216K, 99% used [0x00000000dd280000,0x00000000ddb7ddb8,0x00000000ddb80000)
  to   space 12288K, 0% used [0x00000000e0a80000,0x00000000e0a80000,0x00000000e1680000)
 ParOldGen       total 35840K, used 13121K [0x0000000080000000, 0x0000000082300000, 0x00000000d5580000)
  object space 35840K, 36% used [0x0000000080000000,0x0000000080cd0490,0x0000000082300000)
 Metaspace       used 34519K, capacity 35358K, committed 35496K, reserved 1079296K
  class space    used 4582K, capacity 4838K, committed 4912K, reserved 1048576K
Event: 10.326 GC heap after
Heap after GC invocations=11 (full 1):
 PSYoungGen      total 185344K, used 7323K [0x00000000d5580000, 0x00000000e1780000, 0x0000000100000000)
  eden space 173056K, 0% used [0x00000000d5580000,0x00000000d5580000,0x00000000dfe80000)
  from space 12288K, 59% used [0x00000000e0a80000,0x00000000e11a6cd8,0x00000000e1680000)
  to   space 12288K, 0% used [0x00000000dfe80000,0x00000000dfe80000,0x00000000e0a80000)
 ParOldGen       total 35840K, used 13129K [0x0000000080000000, 0x0000000082300000, 0x00000000d5580000)
  object space 35840K, 36% used [0x0000000080000000,0x0000000080cd2490,0x0000000082300000)
 Metaspace       used 34519K, capacity 35358K, committed 35496K, reserved 1079296K
  class space    used 4582K, capacity 4838K, committed 4912K, reserved 1048576K
}
Event: 10.326 GC heap before
{Heap before GC invocations=12 (full 2):
 PSYoungGen      total 185344K, used 7323K [0x00000000d5580000, 0x00000000e1780000, 0x0000000100000000)
  eden space 173056K, 0% used [0x00000000d5580000,0x00000000d5580000,0x00000000dfe80000)
  from space 12288K, 59% used [0x00000000e0a80000,0x00000000e11a6cd8,0x00000000e1680000)
  to   space 12288K, 0% used [0x00000000dfe80000,0x00000000dfe80000,0x00000000e0a80000)
 ParOldGen       total 35840K, used 13129K [0x0000000080000000, 0x0000000082300000, 0x00000000d5580000)
  object space 35840K, 36% used [0x0000000080000000,0x0000000080cd2490,0x0000000082300000)
 Metaspace       used 34519K, capacity 35358K, committed 35496K, reserved 1079296K
  class space    used 4582K, capacity 4838K, committed 4912K, reserved 1048576K
Event: 10.443 GC heap after
Heap after GC invocations=12 (full 2):
 PSYoungGen      total 185344K, used 0K [0x00000000d5580000, 0x00000000e1780000, 0x0000000100000000)
  eden space 173056K, 0% used [0x00000000d5580000,0x00000000d5580000,0x00000000dfe80000)
  from space 12288K, 0% used [0x00000000e0a80000,0x00000000e0a80000,0x00000000e1680000)
  to   space 12288K, 0% used [0x00000000dfe80000,0x00000000dfe80000,0x00000000e0a80000)
 ParOldGen       total 55296K, used 14241K [0x0000000080000000, 0x0000000083600000, 0x00000000d5580000)
  object space 55296K, 25% used [0x0000000080000000,0x0000000080de86b8,0x0000000083600000)
 Metaspace       used 34519K, capacity 35358K, committed 35496K, reserved 1079296K
  class space    used 4582K, capacity 4838K, committed 4912K, reserved 1048576K
}
Event: 16.103 GC heap before
{Heap before GC invocations=13 (full 2):
 PSYoungGen      total 185344K, used 173056K [0x00000000d5580000, 0x00000000e1780000, 0x0000000100000000)
  eden space 173056K, 100% used [0x00000000d5580000,0x00000000dfe80000,0x00000000dfe80000)
  from space 12288K, 0% used [0x00000000e0a80000,0x00000000e0a80000,0x00000000e1680000)
  to   space 12288K, 0% used [0x00000000dfe80000,0x00000000dfe80000,0x00000000e0a80000)
 ParOldGen       total 55296K, used 14241K [0x0000000080000000, 0x0000000083600000, 0x00000000d5580000)
  object space 55296K, 25% used [0x0000000080000000,0x0000000080de86b8,0x0000000083600000)
 Metaspace       used 44614K, capacity 46262K, committed 46640K, reserved 1089536K
  class space    used 5960K, capacity 6325K, committed 6448K, reserved 1048576K
Event: 16.127 GC heap after
Heap after GC invocations=13 (full 2):
 PSYoungGen      total 185344K, used 12275K [0x00000000d5580000, 0x00000000e4480000, 0x0000000100000000)
  eden space 173056K, 0% used [0x00000000d5580000,0x00000000d5580000,0x00000000dfe80000)
  from space 12288K, 99% used [0x00000000dfe80000,0x00000000e0a7cef0,0x00000000e0a80000)
  to   space 15360K, 0% used [0x00000000e3580000,0x00000000e3580000,0x00000000e4480000)
 ParOldGen       total 55296K, used 17177K [0x0000000080000000, 0x0000000083600000, 0x00000000d5580000)
  object space 55296K, 31% used [0x0000000080000000,0x00000000810c67e0,0x0000000083600000)
 Metaspace       used 44614K, capacity 46262K, committed 46640K, reserved 1089536K
  class space    used 5960K, capacity 6325K, committed 6448K, reserved 1048576K
}

